<?xml version="1.0" encoding="UTF-8"?>
<!-- Generated by org.testng.reporters.JUnitXMLReporter -->
<testsuite ignored="0" hostname="Laptop-OBS-122" failures="0" tests="5" name="Default test" time="80.49" errors="0" timestamp="2021-09-30T13:56:41 IST">
  <testcase classname="com.crm.qa.testcases.ContactsPageTest" name="verifyContactsTextTest" time="0.06"/>
  <testcase classname="com.crm.qa.testcases.ContactsPageTest" name="createContactTest" time="10.574"/>
  <testcase classname="com.crm.qa.testcases.ContactsPageTest" name="createContactTest" time="2.265"/>
  <testcase classname="com.crm.qa.testcases.ContactsPageTest" name="createContactTest" time="3.353"/>
  <testcase classname="com.crm.qa.testcases.ContactsPageTest" name="createContactTest" time="1.735"/>
</testsuite> <!-- Default test -->
